-- The CXX compiler identification is GNU 16.1.1
-- The C compiler identification is GNU 16.1.1
-- Detecting CXX compiler ABI info
-- Detecting CXX compiler ABI info - done
-- Check for working CXX compiler: /usr/lib64/ccache/c++ - skipped
-- Detecting CXX compile features
-- Detecting CXX compile features - done
-- Detecting C compiler ABI info
-- Detecting C compiler ABI info - done
-- Check for working C compiler: /usr/lib64/ccache/cc - skipped
-- Detecting C compile features
-- Detecting C compile features - done
-- Found ZLIB: /usr/lib64/libz.so (found version "1.3.1")
-- Found Threads: TRUE
-- Looking for __aarch64__
-- Looking for __aarch64__ - not found
-- Found PkgConfig: /usr/bin/pkg-config (found version "2.5.1")
-- Checking for module 'sdl3'
--   Found sdl3, version 3.4.12
-- Checking for module 'sdl3-image'
--   Found sdl3-image, version 3.4.4
-- Checking for module 'freetype2'
--   Found freetype2, version 26.6.20
-- Found Freetype: /usr/lib64/libfreetype.so (found version "2.14.3")
-- Found Freetype::Freetype v2.14.3 - Freetype font engine enabled
-- Configuring done (1.3s)
-- Generating done (0.1s)
-- Build files have been written to: <HOME>/repo/psxport/build
